[01m[K/home/shubhambackup/void-slam-toolbox/src/void-slam-dolly/src/obstacle_avoidance.cpp:[m[K In constructor â€˜[01m[KObstacleAvoidance::ObstacleAvoidance()[m[Kâ€™:
[01m[K/home/shubhambackup/void-slam-toolbox/src/void-slam-dolly/src/obstacle_avoidance.cpp:14:5:[m[K [01;31m[Kerror: [m[Kâ€˜[01m[Ksubscription_[m[Kâ€™ was not declared in this scope; did you mean â€˜[01m[Krcl_subscription_t[m[Kâ€™?
   14 |     [01;31m[Ksubscription_[m[K = this->create_subscription<sensor_msgs::msg::LaserScan>(
      |     [01;31m[K^~~~~~~~~~~~~[m[K
      |     [32m[Krcl_subscription_t[m[K
[01m[K/home/shubhambackup/void-slam-toolbox/src/void-slam-dolly/src/obstacle_avoidance.cpp:20:5:[m[K [01;31m[Kerror: [m[Kâ€˜[01m[Kpublisher_[m[Kâ€™ was not declared in this scope; did you mean â€˜[01m[Krcl_publisher_t[m[Kâ€™?
   20 |     [01;31m[Kpublisher_[m[K =
      |     [01;31m[K^~~~~~~~~~[m[K
      |     [32m[Krcl_publisher_t[m[K
[01m[K/home/shubhambackup/void-slam-toolbox/src/void-slam-dolly/src/obstacle_avoidance.cpp:[m[K In member function â€˜[01m[Kvoid ObstacleAvoidance::topic_callback(sensor_msgs::msg::LaserScan_<std::allocator<void> >::SharedPtr)[m[Kâ€™:
[01m[K/home/shubhambackup/void-slam-toolbox/src/void-slam-dolly/src/obstacle_avoidance.cpp:39:26:[m[K [01;31m[Kerror: [m[Kâ€˜[01m[Kclass ObstacleAvoidance[m[Kâ€™ has no member named â€˜[01m[KcalculateVelMsg[m[Kâ€™
   39 |     auto message = this->[01;31m[KcalculateVelMsg[m[K(min_dist);
      |                          [01;31m[K^~~~~~~~~~~~~~~[m[K
[01m[K/home/shubhambackup/void-slam-toolbox/src/void-slam-dolly/src/obstacle_avoidance.cpp:40:5:[m[K [01;31m[Kerror: [m[Kâ€˜[01m[Kpublisher_[m[Kâ€™ was not declared in this scope; did you mean â€˜[01m[Krcl_publisher_t[m[Kâ€™?
   40 |     [01;31m[Kpublisher_[m[K->publish(message);
      |     [01;31m[K^~~~~~~~~~[m[K
      |     [32m[Krcl_publisher_t[m[K
[01m[K/home/shubhambackup/void-slam-toolbox/src/void-slam-dolly/src/obstacle_avoidance.cpp:42:60:[m[K [01;31m[Kerror: [m[Ka function-definition is not allowed here before â€˜[01m[K{[m[Kâ€™ token
   42 |  geometry_msgs::msg::Twist calculateVelMsg(float distance) [01;31m[K{[m[K
      |                                                            [01;31m[K^[m[K
make[2]: *** [CMakeFiles/obstacle_avoidance.dir/build.make:63: CMakeFiles/obstacle_avoidance.dir/src/obstacle_avoidance.cpp.o] Error 1
make[1]: *** [CMakeFiles/Makefile2:82: CMakeFiles/obstacle_avoidance.dir/all] Error 2
make: *** [Makefile:141: all] Error 2
