[0.027s] Invoking command in '/home/shubhambackup/void-slam-toolbox/build/void-slam-dolly': CMAKE_PREFIX_PATH=${CMAKE_PREFIX_PATH}:/opt/ros/foxy /usr/bin/cmake --build /home/shubhambackup/void-slam-toolbox/build/void-slam-dolly -- -j4 -l4
[0.097s] [35m[1mScanning dependencies of target reading_laser[0m
[0.134s] [ 50%] [32mBuilding CXX object CMakeFiles/reading_laser.dir/src/reading_laser.cpp.o[0m
[2.254s] [01m[K/home/shubhambackup/void-slam-toolbox/src/void-slam-dolly/src/reading_laser.cpp:4:28:[m[K [01;31m[Kerror: [m[Kexpected â€˜[01m[K;[m[Kâ€™ before â€˜[01m[Kclass[m[Kâ€™
[2.254s]     4 | using std::placeholders::_1
[2.254s]       |                            [01;31m[K^[m[K
[2.254s]       |                            [32m[K;[m[K
[2.254s]     5 | 
[2.254s]     6 | [32m[Kclass[m[K ReadingLaser : public rclcpp::Node {
[2.255s]       | [32m[K~~~~~[m[K                       
[2.300s] [01m[K/home/shubhambackup/void-slam-toolbox/src/void-slam-dolly/src/reading_laser.cpp:[m[K In constructor â€˜[01m[KReadingLaser::ReadingLaser()[m[Kâ€™:
[2.300s] [01m[K/home/shubhambackup/void-slam-toolbox/src/void-slam-dolly/src/reading_laser.cpp:13:3:[m[K [01;31m[Kerror: [m[Kâ€˜[01m[Ksubscription[m[Kâ€™ was not declared in this scope; did you mean â€˜[01m[Ksubscription_[m[Kâ€™?
[2.300s]    13 |   [01;31m[Ksubscription[m[K = this->create_subscription<sensor_msgs::msg::LaserScan>(
[2.300s]       |   [01;31m[K^~~~~~~~~~~~[m[K
[2.301s]       |   [32m[Ksubscription_[m[K
[2.339s] [01m[K/home/shubhambackup/void-slam-toolbox/src/void-slam-dolly/src/reading_laser.cpp:[m[K In member function â€˜[01m[Kvoid ReadingLaser::topic_callback(sensor_msgs::msg::LaserScan_<std::allocator<void> >::SharedPtr)[m[Kâ€™:
[2.339s] [01m[K/home/shubhambackup/void-slam-toolbox/src/void-slam-dolly/src/reading_laser.cpp:22:3:[m[K [01;31m[Kerror: [m[Kâ€˜[01m[KRCLPP_INFO[m[Kâ€™ was not declared in this scope; did you mean â€˜[01m[KRCLCPP_INFO[m[Kâ€™?
[2.339s]    22 |   [01;31m[KRCLPP_INFO[m[K(this->get_logger(), "I heard: '%f' '%f'", _msg->ranges[0],
[2.339s]       |   [01;31m[K^~~~~~~~~~[m[K
[2.339s]       |   [32m[KRCLCPP_INFO[m[K
[5.076s] make[2]: *** [CMakeFiles/reading_laser.dir/build.make:63: CMakeFiles/reading_laser.dir/src/reading_laser.cpp.o] Error 1
[5.076s] make[1]: *** [CMakeFiles/Makefile2:105: CMakeFiles/reading_laser.dir/all] Error 2
[5.077s] make: *** [Makefile:141: all] Error 2
[5.081s] Invoked command in '/home/shubhambackup/void-slam-toolbox/build/void-slam-dolly' returned '2': CMAKE_PREFIX_PATH=${CMAKE_PREFIX_PATH}:/opt/ros/foxy /usr/bin/cmake --build /home/shubhambackup/void-slam-toolbox/build/void-slam-dolly -- -j4 -l4
