[01m[K/home/shubhambackup/void-slam-toolbox/src/void-slam-dolly/src/reading_laser.cpp:4:28:[m[K [01;31m[Kerror: [m[Kexpected â€˜[01m[K;[m[Kâ€™ before â€˜[01m[Kclass[m[Kâ€™
    4 | using std::placeholders::_1
      |                            [01;31m[K^[m[K
      |                            [32m[K;[m[K
    5 | 
    6 | [32m[Kclass[m[K ReadingLaser : public rclcpp::Node {
      | [32m[K~~~~~[m[K                       
[01m[K/home/shubhambackup/void-slam-toolbox/src/void-slam-dolly/src/reading_laser.cpp:[m[K In constructor â€˜[01m[KReadingLaser::ReadingLaser()[m[Kâ€™:
[01m[K/home/shubhambackup/void-slam-toolbox/src/void-slam-dolly/src/reading_laser.cpp:13:3:[m[K [01;31m[Kerror: [m[Kâ€˜[01m[Ksubscription[m[Kâ€™ was not declared in this scope; did you mean â€˜[01m[Ksubscription_[m[Kâ€™?
   13 |   [01;31m[Ksubscription[m[K = this->create_subscription<sensor_msgs::msg::LaserScan>(
      |   [01;31m[K^~~~~~~~~~~~[m[K
      |   [32m[Ksubscription_[m[K
make[2]: *** [CMakeFiles/reading_laser.dir/build.make:63: CMakeFiles/reading_laser.dir/src/reading_laser.cpp.o] Error 1
make[1]: *** [CMakeFiles/Makefile2:105: CMakeFiles/reading_laser.dir/all] Error 2
make: *** [Makefile:141: all] Error 2
