-- Found ament_cmake: 0.9.9 (/opt/ros/foxy/share/ament_cmake/cmake)
-- Using PYTHON_EXECUTABLE: /usr/bin/python3
-- Override CMake install command with custom implementation using symlinks instead of copying resources
-- Found rclcpp: 2.4.1 (/opt/ros/foxy/share/rclcpp/cmake)
-- Using all available rosidl_typesupport_c: rosidl_typesupport_fastrtps_c;rosidl_typesupport_introspection_c
-- Found rosidl_adapter: 1.2.1 (/opt/ros/foxy/share/rosidl_adapter/cmake)
-- Using all available rosidl_typesupport_cpp: rosidl_typesupport_fastrtps_cpp;rosidl_typesupport_introspection_cpp
-- Found rmw_implementation_cmake: 1.0.3 (/opt/ros/foxy/share/rmw_implementation_cmake/cmake)
-- Using RMW implementation 'rmw_fastrtps_cpp' as default
-- Found sensor_msgs: 2.0.5 (/opt/ros/foxy/share/sensor_msgs/cmake)
-- Found ament_lint_auto: 0.9.6 (/opt/ros/foxy/share/ament_lint_auto/cmake)
-- Added test 'copyright' to check source files copyright and LICENSE
-- Added test 'cppcheck' to perform static code analysis on C / C++ code
-- Configured cppcheck include dirs: 
-- Configured cppcheck exclude dirs and/or files: 
-- Added test 'cpplint' to check C / C++ code against the Google style
-- Configured cpplint exclude dirs and/or files: 
-- Added test 'flake8' to check Python code syntax and style conventions
-- Added test 'lint_cmake' to check CMake code style
-- Added test 'pep257' to check Python code against some of the style conventions in PEP 257
-- Added test 'uncrustify' to check C / C++ code style
-- Configured uncrustify additional arguments: 
-- Added test 'xmllint' to check XML markup files
-- Configuring done
-- Generating done
-- Build files have been written to: /home/shubhambackup/void-slam-toolbox/build/void-slam-dolly
[35m[1mScanning dependencies of target obstacle_avoidance[0m
[ 33%] Built target reading_laser
[ 50%] [32mBuilding CXX object CMakeFiles/obstacle_avoidance.dir/src/obstacle_avoidance.cpp.o[0m
[ 83%] Built target moving_robot
[01m[K/home/shubhambackup/void-slam-toolbox/src/void-slam-dolly/src/obstacle_avoidance.cpp:1:30:[m[K [01;35m[Kwarning: [m[Kextra tokens at end of #include directive
    1 | #include "geometry_msgs/msg/"[01;35m[K#[m[Kinclude "geometry_msgs/msg/twist.hpp"    // Twist
      |                              [01;35m[K^[m[K
[01m[K/home/shubhambackup/void-slam-toolbox/src/void-slam-dolly/src/obstacle_avoidance.cpp:1:10:[m[K [01;31m[Kfatal error: [m[Kgeometry_msgs/msg/: No such file or directory
    1 | #include [01;31m[K"geometry_msgs/msg/"[m[K#include "geometry_msgs/msg/twist.hpp"    // Twist
      |          [01;31m[K^~~~~~~~~~~~~~~~~~~~[m[K
compilation terminated.
make[2]: *** [CMakeFiles/obstacle_avoidance.dir/build.make:63: CMakeFiles/obstacle_avoidance.dir/src/obstacle_avoidance.cpp.o] Error 1
make[1]: *** [CMakeFiles/Makefile2:82: CMakeFiles/obstacle_avoidance.dir/all] Error 2
make: *** [Makefile:141: all] Error 2
