[0.041s] Invoking command in '/home/shubhambackup/void-slam-toolbox/build/void-slam-dolly': CMAKE_PREFIX_PATH=${CMAKE_PREFIX_PATH}:/opt/ros/foxy /usr/bin/cmake --build /home/shubhambackup/void-slam-toolbox/build/void-slam-dolly -- -j4 -l4
[0.105s] -- Found ament_cmake: 0.9.9 (/opt/ros/foxy/share/ament_cmake/cmake)
[0.179s] -- Using PYTHON_EXECUTABLE: /usr/bin/python3
[0.517s] -- Override CMake install command with custom implementation using symlinks instead of copying resources
[0.529s] -- Found rclcpp: 2.4.1 (/opt/ros/foxy/share/rclcpp/cmake)
[0.587s] -- Using all available rosidl_typesupport_c: rosidl_typesupport_fastrtps_c;rosidl_typesupport_introspection_c
[0.592s] -- Found rosidl_adapter: 1.2.1 (/opt/ros/foxy/share/rosidl_adapter/cmake)
[0.816s] -- Using all available rosidl_typesupport_cpp: rosidl_typesupport_fastrtps_cpp;rosidl_typesupport_introspection_cpp
[0.894s] -- Found rmw_implementation_cmake: 1.0.3 (/opt/ros/foxy/share/rmw_implementation_cmake/cmake)
[0.896s] -- Using RMW implementation 'rmw_fastrtps_cpp' as default
[1.117s] -- Found sensor_msgs: 2.0.5 (/opt/ros/foxy/share/sensor_msgs/cmake)
[1.306s] -- Found ament_lint_auto: 0.9.6 (/opt/ros/foxy/share/ament_lint_auto/cmake)
[1.474s] -- Added test 'copyright' to check source files copyright and LICENSE
[1.475s] -- Added test 'cppcheck' to perform static code analysis on C / C++ code
[1.475s] -- Configured cppcheck include dirs: 
[1.475s] -- Configured cppcheck exclude dirs and/or files: 
[1.476s] -- Added test 'cpplint' to check C / C++ code against the Google style
[1.477s] -- Configured cpplint exclude dirs and/or files: 
[1.477s] -- Added test 'flake8' to check Python code syntax and style conventions
[1.478s] -- Added test 'lint_cmake' to check CMake code style
[1.478s] -- Added test 'pep257' to check Python code against some of the style conventions in PEP 257
[1.479s] -- Added test 'uncrustify' to check C / C++ code style
[1.479s] -- Configured uncrustify additional arguments: 
[1.479s] -- Added test 'xmllint' to check XML markup files
[1.483s] -- Configuring done
[1.509s] -- Generating done
[1.512s] -- Build files have been written to: /home/shubhambackup/void-slam-toolbox/build/void-slam-dolly
[1.566s] [35m[1mScanning dependencies of target obstacle_avoidance[0m
[1.630s] [ 33%] Built target reading_laser
[1.630s] [ 50%] [32mBuilding CXX object CMakeFiles/obstacle_avoidance.dir/src/obstacle_avoidance.cpp.o[0m
[1.642s] [ 83%] Built target moving_robot
[1.649s] [01m[K/home/shubhambackup/void-slam-toolbox/src/void-slam-dolly/src/obstacle_avoidance.cpp:1:30:[m[K [01;35m[Kwarning: [m[Kextra tokens at end of #include directive
[1.650s]     1 | #include "geometry_msgs/msg/"[01;35m[K#[m[Kinclude "geometry_msgs/msg/twist.hpp"    // Twist
[1.650s]       |                              [01;35m[K^[m[K
[1.652s] [01m[K/home/shubhambackup/void-slam-toolbox/src/void-slam-dolly/src/obstacle_avoidance.cpp:1:10:[m[K [01;31m[Kfatal error: [m[Kgeometry_msgs/msg/: No such file or directory
[1.652s]     1 | #include [01;31m[K"geometry_msgs/msg/"[m[K#include "geometry_msgs/msg/twist.hpp"    // Twist
[1.652s]       |          [01;31m[K^~~~~~~~~~~~~~~~~~~~[m[K
[1.652s] compilation terminated.
[1.655s] make[2]: *** [CMakeFiles/obstacle_avoidance.dir/build.make:63: CMakeFiles/obstacle_avoidance.dir/src/obstacle_avoidance.cpp.o] Error 1
[1.656s] make[1]: *** [CMakeFiles/Makefile2:82: CMakeFiles/obstacle_avoidance.dir/all] Error 2
[1.658s] make: *** [Makefile:141: all] Error 2
[1.664s] Invoked command in '/home/shubhambackup/void-slam-toolbox/build/void-slam-dolly' returned '2': CMAKE_PREFIX_PATH=${CMAKE_PREFIX_PATH}:/opt/ros/foxy /usr/bin/cmake --build /home/shubhambackup/void-slam-toolbox/build/void-slam-dolly -- -j4 -l4
