[0.041s] Invoking command in '/home/shubhambackup/void-slam-toolbox/build/void-slam-dolly': CMAKE_PREFIX_PATH=${CMAKE_PREFIX_PATH}:/opt/ros/foxy /usr/bin/cmake --build /home/shubhambackup/void-slam-toolbox/build/void-slam-dolly -- -j4 -l4
[0.088s] -- Found ament_cmake: 0.9.9 (/opt/ros/foxy/share/ament_cmake/cmake)
[0.135s] -- Using PYTHON_EXECUTABLE: /usr/bin/python3
[0.450s] -- Override CMake install command with custom implementation using symlinks instead of copying resources
[0.460s] -- Found rclcpp: 2.4.1 (/opt/ros/foxy/share/rclcpp/cmake)
[0.509s] -- Using all available rosidl_typesupport_c: rosidl_typesupport_fastrtps_c;rosidl_typesupport_introspection_c
[0.513s] -- Found rosidl_adapter: 1.2.1 (/opt/ros/foxy/share/rosidl_adapter/cmake)
[0.694s] -- Using all available rosidl_typesupport_cpp: rosidl_typesupport_fastrtps_cpp;rosidl_typesupport_introspection_cpp
[0.766s] -- Found rmw_implementation_cmake: 1.0.3 (/opt/ros/foxy/share/rmw_implementation_cmake/cmake)
[0.768s] -- Using RMW implementation 'rmw_fastrtps_cpp' as default
[0.961s] -- Found sensor_msgs: 2.0.5 (/opt/ros/foxy/share/sensor_msgs/cmake)
[1.141s] -- Found ament_lint_auto: 0.9.6 (/opt/ros/foxy/share/ament_lint_auto/cmake)
[1.254s] -- Added test 'copyright' to check source files copyright and LICENSE
[1.255s] -- Added test 'cppcheck' to perform static code analysis on C / C++ code
[1.256s] -- Configured cppcheck include dirs: 
[1.256s] -- Configured cppcheck exclude dirs and/or files: 
[1.257s] -- Added test 'cpplint' to check C / C++ code against the Google style
[1.257s] -- Configured cpplint exclude dirs and/or files: 
[1.258s] -- Added test 'flake8' to check Python code syntax and style conventions
[1.258s] -- Added test 'lint_cmake' to check CMake code style
[1.259s] -- Added test 'pep257' to check Python code against some of the style conventions in PEP 257
[1.260s] -- Added test 'uncrustify' to check C / C++ code style
[1.260s] -- Configured uncrustify additional arguments: 
[1.260s] -- Added test 'xmllint' to check XML markup files
[1.264s] -- Configuring done
[1.285s] -- Generating done
[1.291s] -- Build files have been written to: /home/shubhambackup/void-slam-toolbox/build/void-slam-dolly
[1.342s] [35m[1mScanning dependencies of target reading_laser[0m
[1.533s] [ 50%] [32mBuilding CXX object CMakeFiles/reading_laser.dir/src/reading_laser.cpp.o[0m
[1.921s] [01m[K/home/shubhambackup/void-slam-toolbox/src/void-slam-dolly/src/reading_laser.cpp:16:76:[m[K [01;31m[Kerror: [m[Kstray â€˜[01m[K#[m[Kâ€™ in program
[1.922s]    16 |  void topic_callback(const sensor_msgs::msg::LaserScan::SharedPtr _msg) {  [01;31m[K#[m[K _msg is the variable consisting the shared Pointer
[1.922s]       |                                                                            [01;31m[K^[m[K
[3.730s] [01m[K/home/shubhambackup/void-slam-toolbox/src/void-slam-dolly/src/reading_laser.cpp:21:36:[m[K [01;31m[Kerror: [m[Kâ€˜[01m[KLaserScan[m[Kâ€™ is not a member of â€˜[01m[Ksensor_msgs[m[Kâ€™; did you mean â€˜[01m[Ksensor_msgs::msg::LaserScan[m[Kâ€™?
[3.731s]    21 |  rclcpp::Subscription<sensor_msgs::[01;31m[KLaserScan[m[K>::SharedPtr subscription_;
[3.731s]       |                                    [01;31m[K^~~~~~~~~[m[K
[3.732s] In file included from [01m[K/opt/ros/foxy/include/sensor_msgs/msg/laser_scan.hpp:7[m[K,
[3.732s]                  from [01m[K/home/shubhambackup/void-slam-toolbox/src/void-slam-dolly/src/reading_laser.cpp:2[m[K:
[3.732s] [01m[K/opt/ros/foxy/include/sensor_msgs/msg/detail/laser_scan__struct.hpp:246:7:[m[K [01;36m[Knote: [m[Kâ€˜[01m[Ksensor_msgs::msg::LaserScan[m[Kâ€™ declared here
[3.732s]   246 | using [01;36m[KLaserScan[m[K =
[3.732s]       |       [01;36m[K^~~~~~~~~[m[K
[3.732s] [01m[K/home/shubhambackup/void-slam-toolbox/src/void-slam-dolly/src/reading_laser.cpp:21:36:[m[K [01;31m[Kerror: [m[Kâ€˜[01m[KLaserScan[m[Kâ€™ is not a member of â€˜[01m[Ksensor_msgs[m[Kâ€™; did you mean â€˜[01m[Ksensor_msgs::msg::LaserScan[m[Kâ€™?
[3.732s]    21 |  rclcpp::Subscription<sensor_msgs::[01;31m[KLaserScan[m[K>::SharedPtr subscription_;
[3.732s]       |                                    [01;31m[K^~~~~~~~~[m[K
[3.733s] In file included from [01m[K/opt/ros/foxy/include/sensor_msgs/msg/laser_scan.hpp:7[m[K,
[3.733s]                  from [01m[K/home/shubhambackup/void-slam-toolbox/src/void-slam-dolly/src/reading_laser.cpp:2[m[K:
[3.733s] [01m[K/opt/ros/foxy/include/sensor_msgs/msg/detail/laser_scan__struct.hpp:246:7:[m[K [01;36m[Knote: [m[Kâ€˜[01m[Ksensor_msgs::msg::LaserScan[m[Kâ€™ declared here
[3.733s]   246 | using [01;36m[KLaserScan[m[K =
[3.733s]       |       [01;36m[K^~~~~~~~~[m[K
[3.733s] [01m[K/home/shubhambackup/void-slam-toolbox/src/void-slam-dolly/src/reading_laser.cpp:21:45:[m[K [01;31m[Kerror: [m[Ktemplate argument 1 is invalid
[3.733s]    21 |  rclcpp::Subscription<sensor_msgs::LaserScan[01;31m[K>[m[K::SharedPtr subscription_;
[3.733s]       |                                             [01;31m[K^[m[K
[3.733s] [01m[K/home/shubhambackup/void-slam-toolbox/src/void-slam-dolly/src/reading_laser.cpp:21:45:[m[K [01;31m[Kerror: [m[Ktemplate argument 3 is invalid
[3.734s] [01m[K/home/shubhambackup/void-slam-toolbox/src/void-slam-dolly/src/reading_laser.cpp:21:48:[m[K [01;31m[Kerror: [m[Kexpected â€˜[01m[K;[m[Kâ€™ at end of member declaration
[3.735s]    21 |  rclcpp::Subscription<sensor_msgs::LaserScan>::[01;31m[KSharedPtr[m[K subscription_;
[3.736s]       |                                                [01;31m[K^~~~~~~~~[m[K
[3.736s]       |                                                         [32m[K;[m[K
[3.736s] [01m[K/home/shubhambackup/void-slam-toolbox/src/void-slam-dolly/src/reading_laser.cpp:21:58:[m[K [01;31m[Kerror: [m[Kâ€˜[01m[Ksubscription_[m[Kâ€™ does not name a type; did you mean â€˜[01m[Krcl_subscription_t[m[Kâ€™?
[3.736s]    21 |  rclcpp::Subscription<sensor_msgs::LaserScan>::SharedPtr [01;31m[Ksubscription_[m[K;
[3.736s]       |                                                          [01;31m[K^~~~~~~~~~~~~[m[K
[3.737s]       |                                                          [32m[Krcl_subscription_t[m[K
[3.737s] [01m[K/home/shubhambackup/void-slam-toolbox/src/void-slam-dolly/src/reading_laser.cpp:23:2:[m[K [01;31m[Kerror: [m[Kexpected â€˜[01m[K;[m[Kâ€™ after class definition
[3.737s]    23 | }
[3.737s]       |  [01;31m[K^[m[K
[3.737s]       |  [32m[K;[m[K
[3.741s] [01m[K/home/shubhambackup/void-slam-toolbox/src/void-slam-dolly/src/reading_laser.cpp:[m[K In constructor â€˜[01m[KReadingLaser::ReadingLaser()[m[Kâ€™:
[3.741s] [01m[K/home/shubhambackup/void-slam-toolbox/src/void-slam-dolly/src/reading_laser.cpp:9:3:[m[K [01;31m[Kerror: [m[Kâ€˜[01m[Ksubscription[m[Kâ€™ was not declared in this scope; did you mean â€˜[01m[Krcl_subscription_t[m[Kâ€™?
[3.741s]     9 |   [01;31m[Ksubscription[m[K = this->create_subscription<sensor_msgs::LaserScan>(
[3.742s]       |   [01;31m[K^~~~~~~~~~~~[m[K
[3.742s]       |   [32m[Krcl_subscription_t[m[K
[3.743s] [01m[K/home/shubhambackup/void-slam-toolbox/src/void-slam-dolly/src/reading_laser.cpp:9:57:[m[K [01;31m[Kerror: [m[Kâ€˜[01m[KLaserScan[m[Kâ€™ is not a member of â€˜[01m[Ksensor_msgs[m[Kâ€™; did you mean â€˜[01m[Ksensor_msgs::msg::LaserScan[m[Kâ€™?
[3.744s]     9 |   subscription = this->create_subscription<sensor_msgs::[01;31m[KLaserScan[m[K>(
[3.744s]       |                                                         [01;31m[K^~~~~~~~~[m[K
[3.744s] In file included from [01m[K/opt/ros/foxy/include/sensor_msgs/msg/laser_scan.hpp:7[m[K,
[3.744s]                  from [01m[K/home/shubhambackup/void-slam-toolbox/src/void-slam-dolly/src/reading_laser.cpp:2[m[K:
[3.744s] [01m[K/opt/ros/foxy/include/sensor_msgs/msg/detail/laser_scan__struct.hpp:246:7:[m[K [01;36m[Knote: [m[Kâ€˜[01m[Ksensor_msgs::msg::LaserScan[m[Kâ€™ declared here
[3.744s]   246 | using [01;36m[KLaserScan[m[K =
[3.744s]       |       [01;36m[K^~~~~~~~~[m[K
[3.744s] [01m[K/home/shubhambackup/void-slam-toolbox/src/void-slam-dolly/src/reading_laser.cpp:9:57:[m[K [01;31m[Kerror: [m[Kâ€˜[01m[KLaserScan[m[Kâ€™ is not a member of â€˜[01m[Ksensor_msgs[m[Kâ€™; did you mean â€˜[01m[Ksensor_msgs::msg::LaserScan[m[Kâ€™?
[3.744s]     9 |   subscription = this->create_subscription<sensor_msgs::[01;31m[KLaserScan[m[K>(
[3.744s]       |                                                         [01;31m[K^~~~~~~~~[m[K
[3.744s] In file included from [01m[K/opt/ros/foxy/include/sensor_msgs/msg/laser_scan.hpp:7[m[K,
[3.744s]                  from [01m[K/home/shubhambackup/void-slam-toolbox/src/void-slam-dolly/src/reading_laser.cpp:2[m[K:
[3.744s] [01m[K/opt/ros/foxy/include/sensor_msgs/msg/detail/laser_scan__struct.hpp:246:7:[m[K [01;36m[Knote: [m[Kâ€˜[01m[Ksensor_msgs::msg::LaserScan[m[Kâ€™ declared here
[3.745s]   246 | using [01;36m[KLaserScan[m[K =
[3.746s]       |       [01;36m[K^~~~~~~~~[m[K
[3.757s] [01m[K/home/shubhambackup/void-slam-toolbox/src/void-slam-dolly/src/reading_laser.cpp:11:54:[m[K [01;31m[Kerror: [m[Kno matching function for call to â€˜[01m[KReadingLaser::create_subscription<<expression error> >(const char [11], rclcpp::QoS&, std::_Bind_helper<false, void (ReadingLaser::*)(std::shared_ptr<sensor_msgs::msg::LaserScan_<std::allocator<void> > >), ReadingLaser*, int>::type)[m[Kâ€™
[3.757s]    11 |    std::bind(&ReadingLaser::topic_callback,  this, 1)[01;31m[K)[m[K;
[3.757s]       |                                                      [01;31m[K^[m[K
[3.758s] In file included from [01m[K/opt/ros/foxy/include/rclcpp/executors/single_threaded_executor.hpp:28[m[K,
[3.758s]                  from [01m[K/opt/ros/foxy/include/rclcpp/executors.hpp:22[m[K,
[3.758s]                  from [01m[K/opt/ros/foxy/include/rclcpp/rclcpp.hpp:146[m[K,
[3.758s]                  from [01m[K/home/shubhambackup/void-slam-toolbox/src/void-slam-dolly/src/reading_laser.cpp:1[m[K:
[3.758s] [01m[K/opt/ros/foxy/include/rclcpp/node.hpp:213:3:[m[K [01;36m[Knote: [m[Kcandidate: â€˜[01m[Ktemplate<class MessageT, class CallbackT, class AllocatorT, class CallbackMessageT, class SubscriptionT, class MessageMemoryStrategyT> std::shared_ptr<SubscriptionT> rclcpp::Node::create_subscription(const string&, const rclcpp::QoS&, CallbackT&&, const rclcpp::SubscriptionOptionsWithAllocator<AllocatorT>&, typename MessageMemoryStrategyT::SharedPtr)[m[Kâ€™
[3.758s]   213 |   [01;36m[Kcreate_subscription[m[K(
[3.758s]       |   [01;36m[K^~~~~~~~~~~~~~~~~~~[m[K
[3.758s] [01m[K/opt/ros/foxy/include/rclcpp/node.hpp:213:3:[m[K [01;36m[Knote: [m[K  template argument deduction/substitution failed:
[3.758s] [01m[K/home/shubhambackup/void-slam-toolbox/src/void-slam-dolly/src/reading_laser.cpp:11:54:[m[K [01;31m[Kerror: [m[Ktemplate argument 1 is invalid
[3.758s]    11 |    std::bind(&ReadingLaser::topic_callback,  this, 1)[01;31m[K)[m[K;
[3.758s]       |                                                      [01;31m[K^[m[K
[3.761s] [01m[K/home/shubhambackup/void-slam-toolbox/src/void-slam-dolly/src/reading_laser.cpp:[m[K In member function â€˜[01m[Kvoid ReadingLaser::topic_callback(sensor_msgs::msg::LaserScan_<std::allocator<void> >::SharedPtr)[m[Kâ€™:
[3.761s] [01m[K/home/shubhambackup/void-slam-toolbox/src/void-slam-dolly/src/reading_laser.cpp:16:82:[m[K [01;31m[Kerror: [m[Kexpected â€˜[01m[K;[m[Kâ€™ before â€˜[01m[Kis[m[Kâ€™
[3.761s]    16 |  void topic_callback(const sensor_msgs::msg::LaserScan::SharedPtr _msg) {  # _msg[01;31m[K [m[K[32m[Kis[m[K the variable consisting the shared Pointer
[3.761s]       |                                                                                  [01;31m[K^[m[K[32m[K~~[m[K
[3.761s]       |                                                                                  [32m[K;[m[K
[3.761s] [01m[K/home/shubhambackup/void-slam-toolbox/src/void-slam-dolly/src/reading_laser.cpp:16:78:[m[K [01;35m[Kwarning: [m[Kstatement has no effect [[01;35m[K-Wunused-value[m[K]
[3.761s]    16 |  void topic_callback(const sensor_msgs::msg::LaserScan::SharedPtr _msg) {  # [01;35m[K_msg[m[K is the variable consisting the shared Pointer
[3.762s]       |                                                                              [01;35m[K^~~~[m[K
[3.767s] [01m[K/home/shubhambackup/void-slam-toolbox/src/void-slam-dolly/src/reading_laser.cpp:[m[K In function â€˜[01m[Kint main(int, char**)[m[Kâ€™:
[3.767s] [01m[K/home/shubhambackup/void-slam-toolbox/src/void-slam-dolly/src/reading_laser.cpp:31:2:[m[K [01;31m[Kerror: [m[Kexpected â€˜[01m[K;[m[Kâ€™ before â€˜[01m[Krclcpp[m[Kâ€™
[3.767s]    31 |  [01;31m[Krclcpp[m[K::spin(node);
[3.769s]       |  [01;31m[K^~~~~~[m[K
[4.365s] make[2]: *** [CMakeFiles/reading_laser.dir/build.make:63: CMakeFiles/reading_laser.dir/src/reading_laser.cpp.o] Error 1
[4.366s] make[1]: *** [CMakeFiles/Makefile2:105: CMakeFiles/reading_laser.dir/all] Error 2
[4.366s] make: *** [Makefile:141: all] Error 2
[4.374s] Invoked command in '/home/shubhambackup/void-slam-toolbox/build/void-slam-dolly' returned '2': CMAKE_PREFIX_PATH=${CMAKE_PREFIX_PATH}:/opt/ros/foxy /usr/bin/cmake --build /home/shubhambackup/void-slam-toolbox/build/void-slam-dolly -- -j4 -l4
